<?xml version="1.0" encoding="UTF-8"?>
<coverage generated="1588009859958" clover="3.2.0">
  <project timestamp="1588009859959" name="All files">
    <metrics statements="83" coveredstatements="78" conditionals="15" coveredconditionals="14" methods="27" coveredmethods="23" elements="125" coveredelements="115" complexity="0" loc="83" ncloc="83" packages="6" files="9" classes="9"/>
    <package name="actions">
      <metrics statements="23" coveredstatements="19" conditionals="2" coveredconditionals="2" methods="17" coveredmethods="13"/>
      <file name="apiActions.js" path="C:\Users\HONGYU\workspace\indexation.springboot\src\main\js\actions\apiActions.js">
        <metrics statements="14" coveredstatements="12" conditionals="2" coveredconditionals="2" methods="10" coveredmethods="8"/>
        <line num="6" count="3" type="stmt"/>
        <line num="11" count="2" type="stmt"/>
        <line num="19" count="2" type="stmt"/>
        <line num="23" count="2" type="stmt"/>
        <line num="28" count="2" type="stmt"/>
        <line num="33" count="2" type="stmt"/>
        <line num="38" count="2" type="stmt"/>
        <line num="39" count="2" type="stmt"/>
        <line num="40" count="2" type="cond" truecount="2" falsecount="0"/>
        <line num="41" count="1" type="stmt"/>
        <line num="43" count="1" type="stmt"/>
        <line num="44" count="1" type="stmt"/>
        <line num="45" count="0" type="stmt"/>
        <line num="47" count="0" type="stmt"/>
      </file>
      <file name="appActions.js" path="C:\Users\HONGYU\workspace\indexation.springboot\src\main\js\actions\appActions.js">
        <metrics statements="9" coveredstatements="7" conditionals="0" coveredconditionals="0" methods="7" coveredmethods="5"/>
        <line num="6" count="2" type="stmt"/>
        <line num="10" count="1" type="stmt"/>
        <line num="15" count="1" type="stmt"/>
        <line num="19" count="1" type="stmt"/>
        <line num="20" count="1" type="stmt"/>
        <line num="21" count="1" type="stmt"/>
        <line num="22" count="1" type="stmt"/>
        <line num="23" count="0" type="stmt"/>
        <line num="25" count="0" type="stmt"/>
      </file>
    </package>
    <package name="components.indexation.input">
      <metrics statements="10" coveredstatements="10" conditionals="0" coveredconditionals="0" methods="7" coveredmethods="7"/>
      <file name="index.js" path="C:\Users\HONGYU\workspace\indexation.springboot\src\main\js\components\indexation\input\index.js">
        <metrics statements="10" coveredstatements="10" conditionals="0" coveredconditionals="0" methods="7" coveredmethods="7"/>
        <line num="11" count="9" type="stmt"/>
        <line num="38" count="1" type="stmt"/>
        <line num="48" count="13" type="stmt"/>
        <line num="61" count="4" type="stmt"/>
        <line num="63" count="1" type="stmt"/>
        <line num="64" count="1" type="stmt"/>
        <line num="67" count="1" type="stmt"/>
        <line num="68" count="1" type="stmt"/>
        <line num="71" count="1" type="stmt"/>
        <line num="72" count="1" type="stmt"/>
      </file>
    </package>
    <package name="components.indexation.result">
      <metrics statements="2" coveredstatements="2" conditionals="0" coveredconditionals="0" methods="2" coveredmethods="2"/>
      <file name="index.js" path="C:\Users\HONGYU\workspace\indexation.springboot\src\main\js\components\indexation\result\index.js">
        <metrics statements="2" coveredstatements="2" conditionals="0" coveredconditionals="0" methods="2" coveredmethods="2"/>
        <line num="10" count="1" type="stmt"/>
        <line num="20" count="1" type="stmt"/>
      </file>
    </package>
    <package name="constants">
      <metrics statements="13" coveredstatements="13" conditionals="0" coveredconditionals="0" methods="0" coveredmethods="0"/>
      <file name="actionTypes.js" path="C:\Users\HONGYU\workspace\indexation.springboot\src\main\js\constants\actionTypes.js">
        <metrics statements="9" coveredstatements="9" conditionals="0" coveredconditionals="0" methods="0" coveredmethods="0"/>
        <line num="1" count="5" type="stmt"/>
        <line num="2" count="5" type="stmt"/>
        <line num="3" count="5" type="stmt"/>
        <line num="7" count="5" type="stmt"/>
        <line num="8" count="5" type="stmt"/>
        <line num="9" count="5" type="stmt"/>
        <line num="10" count="5" type="stmt"/>
        <line num="11" count="5" type="stmt"/>
        <line num="12" count="5" type="stmt"/>
      </file>
      <file name="url.js" path="C:\Users\HONGYU\workspace\indexation.springboot\src\main\js\constants\url.js">
        <metrics statements="4" coveredstatements="4" conditionals="0" coveredconditionals="0" methods="0" coveredmethods="0"/>
        <line num="1" count="5" type="stmt"/>
        <line num="3" count="5" type="stmt"/>
        <line num="4" count="5" type="stmt"/>
        <line num="5" count="5" type="stmt"/>
      </file>
    </package>
    <package name="reducers">
      <metrics statements="31" coveredstatements="31" conditionals="11" coveredconditionals="11" methods="1" coveredmethods="1"/>
      <file name="appReducer.js" path="C:\Users\HONGYU\workspace\indexation.springboot\src\main\js\reducers\appReducer.js">
        <metrics statements="30" coveredstatements="30" conditionals="11" coveredconditionals="11" methods="1" coveredmethods="1"/>
        <line num="5" count="5" type="stmt"/>
        <line num="14" count="5" type="stmt"/>
        <line num="16" count="20" type="cond" truecount="2" falsecount="0"/>
        <line num="17" count="6" type="stmt"/>
        <line num="24" count="14" type="stmt"/>
        <line num="27" count="14" type="cond" truecount="9" falsecount="0"/>
        <line num="30" count="2" type="stmt"/>
        <line num="31" count="2" type="stmt"/>
        <line num="35" count="1" type="stmt"/>
        <line num="36" count="1" type="stmt"/>
        <line num="37" count="1" type="stmt"/>
        <line num="41" count="1" type="stmt"/>
        <line num="42" count="1" type="stmt"/>
        <line num="43" count="1" type="stmt"/>
        <line num="47" count="2" type="stmt"/>
        <line num="48" count="2" type="stmt"/>
        <line num="52" count="2" type="stmt"/>
        <line num="53" count="2" type="stmt"/>
        <line num="57" count="2" type="stmt"/>
        <line num="58" count="2" type="stmt"/>
        <line num="62" count="1" type="stmt"/>
        <line num="63" count="1" type="stmt"/>
        <line num="64" count="1" type="stmt"/>
        <line num="68" count="2" type="stmt"/>
        <line num="69" count="2" type="stmt"/>
        <line num="70" count="2" type="stmt"/>
        <line num="74" count="1" type="stmt"/>
        <line num="75" count="1" type="stmt"/>
        <line num="76" count="1" type="stmt"/>
        <line num="84" count="14" type="stmt"/>
      </file>
      <file name="index.js" path="C:\Users\HONGYU\workspace\indexation.springboot\src\main\js\reducers\index.js">
        <metrics statements="1" coveredstatements="1" conditionals="0" coveredconditionals="0" methods="0" coveredmethods="0"/>
        <line num="4" count="5" type="stmt"/>
      </file>
    </package>
    <package name="store">
      <metrics statements="4" coveredstatements="3" conditionals="2" coveredconditionals="1" methods="0" coveredmethods="0"/>
      <file name="index.js" path="C:\Users\HONGYU\workspace\indexation.springboot\src\main\js\store\index.js">
        <metrics statements="4" coveredstatements="3" conditionals="2" coveredconditionals="1" methods="0" coveredmethods="0"/>
        <line num="11" count="3" type="cond" truecount="1" falsecount="1"/>
        <line num="12" count="0" type="stmt"/>
        <line num="14" count="3" type="stmt"/>
        <line num="17" count="3" type="stmt"/>
      </file>
    </package>
  </project>
</coverage>
