<?xml version="1.0" encoding="UTF-8"?>
<coverage generated="1587996421965" clover="3.2.0">
  <project timestamp="1587996421966" name="All files">
    <metrics statements="92" coveredstatements="71" conditionals="23" coveredconditionals="15" methods="32" coveredmethods="19" elements="147" coveredelements="105" complexity="0" loc="92" ncloc="92" packages="8" files="12" classes="12"/>
    <package name="js">
      <metrics statements="1" coveredstatements="1" conditionals="2" coveredconditionals="2" methods="0" coveredmethods="0"/>
      <file name="index.js" path="C:\Users\HONGYU\workspace\indexation.springboot\src\main\js\index.js">
        <metrics statements="1" coveredstatements="1" conditionals="2" coveredconditionals="2" methods="0" coveredmethods="0"/>
        <line num="9" count="1" type="stmt"/>
      </file>
    </package>
    <package name="js.actions">
      <metrics statements="23" coveredstatements="18" conditionals="2" coveredconditionals="1" methods="17" coveredmethods="13"/>
      <file name="apiActions.js" path="C:\Users\HONGYU\workspace\indexation.springboot\src\main\js\actions\apiActions.js">
        <metrics statements="14" coveredstatements="11" conditionals="2" coveredconditionals="1" methods="10" coveredmethods="8"/>
        <line num="6" count="2" type="stmt"/>
        <line num="11" count="2" type="stmt"/>
        <line num="19" count="2" type="stmt"/>
        <line num="23" count="2" type="stmt"/>
        <line num="28" count="2" type="stmt"/>
        <line num="33" count="2" type="stmt"/>
        <line num="38" count="2" type="stmt"/>
        <line num="39" count="1" type="stmt"/>
        <line num="40" count="1" type="cond" truecount="1" falsecount="1"/>
        <line num="41" count="0" type="stmt"/>
        <line num="43" count="1" type="stmt"/>
        <line num="44" count="1" type="stmt"/>
        <line num="45" count="0" type="stmt"/>
        <line num="47" count="0" type="stmt"/>
      </file>
      <file name="appActions.js" path="C:\Users\HONGYU\workspace\indexation.springboot\src\main\js\actions\appActions.js">
        <metrics statements="9" coveredstatements="7" conditionals="0" coveredconditionals="0" methods="7" coveredmethods="5"/>
        <line num="6" count="2" type="stmt"/>
        <line num="10" count="2" type="stmt"/>
        <line num="15" count="2" type="stmt"/>
        <line num="19" count="2" type="stmt"/>
        <line num="20" count="1" type="stmt"/>
        <line num="21" count="1" type="stmt"/>
        <line num="22" count="1" type="stmt"/>
        <line num="23" count="0" type="stmt"/>
        <line num="25" count="0" type="stmt"/>
      </file>
    </package>
    <package name="js.components.AppVersion">
      <metrics statements="8" coveredstatements="0" conditionals="6" coveredconditionals="0" methods="5" coveredmethods="0"/>
      <file name="AppVersion.js" path="C:\Users\HONGYU\workspace\indexation.springboot\src\main\js\components\AppVersion\AppVersion.js">
        <metrics statements="8" coveredstatements="0" conditionals="6" coveredconditionals="0" methods="5" coveredmethods="0"/>
        <line num="9" count="0" type="stmt"/>
        <line num="13" count="0" type="stmt"/>
        <line num="14" count="0" type="cond" truecount="0" falsecount="4"/>
        <line num="15" count="0" type="stmt"/>
        <line num="20" count="0" type="stmt"/>
        <line num="21" count="0" type="stmt"/>
        <line num="30" count="0" type="stmt"/>
        <line num="36" count="0" type="stmt"/>
      </file>
      <file name="index.js" path="C:\Users\HONGYU\workspace\indexation.springboot\src\main\js\components\AppVersion\index.js">
        <metrics statements="0" coveredstatements="0" conditionals="0" coveredconditionals="0" methods="0" coveredmethods="0"/>
      </file>
    </package>
    <package name="js.components.indexation.input">
      <metrics statements="10" coveredstatements="3" conditionals="0" coveredconditionals="0" methods="7" coveredmethods="3"/>
      <file name="index.js" path="C:\Users\HONGYU\workspace\indexation.springboot\src\main\js\components\indexation\input\index.js">
        <metrics statements="10" coveredstatements="3" conditionals="0" coveredconditionals="0" methods="7" coveredmethods="3"/>
        <line num="11" count="1" type="stmt"/>
        <line num="38" count="0" type="stmt"/>
        <line num="48" count="1" type="stmt"/>
        <line num="61" count="1" type="stmt"/>
        <line num="63" count="0" type="stmt"/>
        <line num="64" count="0" type="stmt"/>
        <line num="67" count="0" type="stmt"/>
        <line num="68" count="0" type="stmt"/>
        <line num="71" count="0" type="stmt"/>
        <line num="72" count="0" type="stmt"/>
      </file>
    </package>
    <package name="js.components.indexation.result">
      <metrics statements="2" coveredstatements="2" conditionals="0" coveredconditionals="0" methods="2" coveredmethods="2"/>
      <file name="index.js" path="C:\Users\HONGYU\workspace\indexation.springboot\src\main\js\components\indexation\result\index.js">
        <metrics statements="2" coveredstatements="2" conditionals="0" coveredconditionals="0" methods="2" coveredmethods="2"/>
        <line num="10" count="1" type="stmt"/>
        <line num="20" count="1" type="stmt"/>
      </file>
    </package>
    <package name="js.constants">
      <metrics statements="13" coveredstatements="13" conditionals="0" coveredconditionals="0" methods="0" coveredmethods="0"/>
      <file name="actionTypes.js" path="C:\Users\HONGYU\workspace\indexation.springboot\src\main\js\constants\actionTypes.js">
        <metrics statements="9" coveredstatements="9" conditionals="0" coveredconditionals="0" methods="0" coveredmethods="0"/>
        <line num="1" count="4" type="stmt"/>
        <line num="2" count="4" type="stmt"/>
        <line num="3" count="4" type="stmt"/>
        <line num="7" count="4" type="stmt"/>
        <line num="8" count="4" type="stmt"/>
        <line num="9" count="4" type="stmt"/>
        <line num="10" count="4" type="stmt"/>
        <line num="11" count="4" type="stmt"/>
        <line num="12" count="4" type="stmt"/>
      </file>
      <file name="url.js" path="C:\Users\HONGYU\workspace\indexation.springboot\src\main\js\constants\url.js">
        <metrics statements="4" coveredstatements="4" conditionals="0" coveredconditionals="0" methods="0" coveredmethods="0"/>
        <line num="1" count="4" type="stmt"/>
        <line num="3" count="4" type="stmt"/>
        <line num="4" count="4" type="stmt"/>
        <line num="5" count="4" type="stmt"/>
      </file>
    </package>
    <package name="js.reducers">
      <metrics statements="31" coveredstatements="31" conditionals="11" coveredconditionals="11" methods="1" coveredmethods="1"/>
      <file name="appReducer.js" path="C:\Users\HONGYU\workspace\indexation.springboot\src\main\js\reducers\appReducer.js">
        <metrics statements="30" coveredstatements="30" conditionals="11" coveredconditionals="11" methods="1" coveredmethods="1"/>
        <line num="5" count="4" type="stmt"/>
        <line num="14" count="4" type="stmt"/>
        <line num="16" count="16" type="cond" truecount="2" falsecount="0"/>
        <line num="17" count="5" type="stmt"/>
        <line num="24" count="11" type="stmt"/>
        <line num="27" count="11" type="cond" truecount="9" falsecount="0"/>
        <line num="30" count="2" type="stmt"/>
        <line num="31" count="2" type="stmt"/>
        <line num="35" count="1" type="stmt"/>
        <line num="36" count="1" type="stmt"/>
        <line num="37" count="1" type="stmt"/>
        <line num="41" count="1" type="stmt"/>
        <line num="42" count="1" type="stmt"/>
        <line num="43" count="1" type="stmt"/>
        <line num="47" count="1" type="stmt"/>
        <line num="48" count="1" type="stmt"/>
        <line num="52" count="1" type="stmt"/>
        <line num="53" count="1" type="stmt"/>
        <line num="57" count="2" type="stmt"/>
        <line num="58" count="2" type="stmt"/>
        <line num="62" count="1" type="stmt"/>
        <line num="63" count="1" type="stmt"/>
        <line num="64" count="1" type="stmt"/>
        <line num="68" count="1" type="stmt"/>
        <line num="69" count="1" type="stmt"/>
        <line num="70" count="1" type="stmt"/>
        <line num="74" count="1" type="stmt"/>
        <line num="75" count="1" type="stmt"/>
        <line num="76" count="1" type="stmt"/>
        <line num="84" count="11" type="stmt"/>
      </file>
      <file name="index.js" path="C:\Users\HONGYU\workspace\indexation.springboot\src\main\js\reducers\index.js">
        <metrics statements="1" coveredstatements="1" conditionals="0" coveredconditionals="0" methods="0" coveredmethods="0"/>
        <line num="4" count="4" type="stmt"/>
      </file>
    </package>
    <package name="js.store">
      <metrics statements="4" coveredstatements="3" conditionals="2" coveredconditionals="1" methods="0" coveredmethods="0"/>
      <file name="index.js" path="C:\Users\HONGYU\workspace\indexation.springboot\src\main\js\store\index.js">
        <metrics statements="4" coveredstatements="3" conditionals="2" coveredconditionals="1" methods="0" coveredmethods="0"/>
        <line num="11" count="2" type="cond" truecount="1" falsecount="1"/>
        <line num="12" count="0" type="stmt"/>
        <line num="14" count="2" type="stmt"/>
        <line num="17" count="2" type="stmt"/>
      </file>
    </package>
  </project>
</coverage>
