{"C:\\Users\\HONGYU\\workspace\\indexation.springboot\\src\\main\\js\\actions\\apiActions.js": {"path":"C:\\Users\\HONGYU\\workspace\\indexation.springboot\\src\\main\\js\\actions\\apiActions.js","statementMap":{"0":{"start":{"line":6,"column":27},"end":{"line":9,"column":2}},"1":{"start":{"line":6,"column":39},"end":{"line":9,"column":1}},"2":{"start":{"line":11,"column":28},"end":{"line":14,"column":2}},"3":{"start":{"line":11,"column":40},"end":{"line":14,"column":1}},"4":{"start":{"line":19,"column":41},"end":{"line":21,"column":2}},"5":{"start":{"line":19,"column":48},"end":{"line":21,"column":1}},"6":{"start":{"line":23,"column":38},"end":{"line":26,"column":2}},"7":{"start":{"line":23,"column":49},"end":{"line":26,"column":1}},"8":{"start":{"line":28,"column":44},"end":{"line":31,"column":2}},"9":{"start":{"line":28,"column":51},"end":{"line":31,"column":1}},"10":{"start":{"line":33,"column":42},"end":{"line":36,"column":2}},"11":{"start":{"line":33,"column":49},"end":{"line":36,"column":1}},"12":{"start":{"line":38,"column":35},"end":{"line":51,"column":1}},"13":{"start":{"line":39,"column":4},"end":{"line":50,"column":5}},"14":{"start":{"line":40,"column":2},"end":{"line":49,"column":3}},"15":{"start":{"line":41,"column":3},"end":{"line":41,"column":44}},"16":{"start":{"line":43,"column":3},"end":{"line":43,"column":41}},"17":{"start":{"line":44,"column":3},"end":{"line":48,"column":5}},"18":{"start":{"line":45,"column":4},"end":{"line":45,"column":52}},"19":{"start":{"line":47,"column":4},"end":{"line":47,"column":43}}},"fnMap":{"0":{"name":"(anonymous_0)","decl":{"start":{"line":6,"column":27},"end":{"line":6,"column":28}},"loc":{"start":{"line":6,"column":39},"end":{"line":9,"column":1}},"line":6},"1":{"name":"(anonymous_1)","decl":{"start":{"line":11,"column":28},"end":{"line":11,"column":29}},"loc":{"start":{"line":11,"column":40},"end":{"line":14,"column":1}},"line":11},"2":{"name":"(anonymous_2)","decl":{"start":{"line":19,"column":41},"end":{"line":19,"column":42}},"loc":{"start":{"line":19,"column":48},"end":{"line":21,"column":1}},"line":19},"3":{"name":"(anonymous_3)","decl":{"start":{"line":23,"column":38},"end":{"line":23,"column":39}},"loc":{"start":{"line":23,"column":49},"end":{"line":26,"column":1}},"line":23},"4":{"name":"(anonymous_4)","decl":{"start":{"line":28,"column":44},"end":{"line":28,"column":45}},"loc":{"start":{"line":28,"column":51},"end":{"line":31,"column":1}},"line":28},"5":{"name":"(anonymous_5)","decl":{"start":{"line":33,"column":42},"end":{"line":33,"column":43}},"loc":{"start":{"line":33,"column":49},"end":{"line":36,"column":1}},"line":33},"6":{"name":"(anonymous_6)","decl":{"start":{"line":38,"column":35},"end":{"line":38,"column":36}},"loc":{"start":{"line":39,"column":4},"end":{"line":50,"column":5}},"line":39},"7":{"name":"(anonymous_7)","decl":{"start":{"line":39,"column":4},"end":{"line":39,"column":5}},"loc":{"start":{"line":39,"column":18},"end":{"line":50,"column":5}},"line":39},"8":{"name":"(anonymous_8)","decl":{"start":{"line":44,"column":78},"end":{"line":44,"column":79}},"loc":{"start":{"line":44,"column":90},"end":{"line":46,"column":4}},"line":44},"9":{"name":"(anonymous_9)","decl":{"start":{"line":46,"column":12},"end":{"line":46,"column":13}},"loc":{"start":{"line":46,"column":18},"end":{"line":48,"column":4}},"line":46}},"branchMap":{"0":{"loc":{"start":{"line":40,"column":2},"end":{"line":49,"column":3}},"type":"if","locations":[{"start":{"line":40,"column":2},"end":{"line":49,"column":3}},{"start":{"line":40,"column":2},"end":{"line":49,"column":3}}],"line":40}},"s":{"0":2,"1":3,"2":2,"3":2,"4":2,"5":2,"6":2,"7":1,"8":2,"9":2,"10":2,"11":1,"12":2,"13":2,"14":2,"15":1,"16":1,"17":1,"18":0,"19":0},"f":{"0":3,"1":2,"2":2,"3":1,"4":2,"5":1,"6":2,"7":2,"8":0,"9":0},"b":{"0":[1,1]},"_coverageSchema":"1a1c01bbd47fc00a2c39e90264f33305004495a9","hash":"6786234652aaecd8eb0e9c485c9da29a26ec453c"}
,"C:\\Users\\HONGYU\\workspace\\indexation.springboot\\src\\main\\js\\actions\\appActions.js": {"path":"C:\\Users\\HONGYU\\workspace\\indexation.springboot\\src\\main\\js\\actions\\appActions.js","statementMap":{"0":{"start":{"line":6,"column":33},"end":{"line":8,"column":2}},"1":{"start":{"line":6,"column":40},"end":{"line":8,"column":1}},"2":{"start":{"line":10,"column":30},"end":{"line":13,"column":2}},"3":{"start":{"line":10,"column":44},"end":{"line":13,"column":1}},"4":{"start":{"line":15,"column":34},"end":{"line":17,"column":2}},"5":{"start":{"line":15,"column":41},"end":{"line":17,"column":1}},"6":{"start":{"line":19,"column":26},"end":{"line":28,"column":1}},"7":{"start":{"line":20,"column":4},"end":{"line":27,"column":5}},"8":{"start":{"line":21,"column":8},"end":{"line":21,"column":38}},"9":{"start":{"line":22,"column":8},"end":{"line":26,"column":10}},"10":{"start":{"line":23,"column":12},"end":{"line":23,"column":52}},"11":{"start":{"line":25,"column":12},"end":{"line":25,"column":43}}},"fnMap":{"0":{"name":"(anonymous_0)","decl":{"start":{"line":6,"column":33},"end":{"line":6,"column":34}},"loc":{"start":{"line":6,"column":40},"end":{"line":8,"column":1}},"line":6},"1":{"name":"(anonymous_1)","decl":{"start":{"line":10,"column":30},"end":{"line":10,"column":31}},"loc":{"start":{"line":10,"column":44},"end":{"line":13,"column":1}},"line":10},"2":{"name":"(anonymous_2)","decl":{"start":{"line":15,"column":34},"end":{"line":15,"column":35}},"loc":{"start":{"line":15,"column":41},"end":{"line":17,"column":1}},"line":15},"3":{"name":"(anonymous_3)","decl":{"start":{"line":19,"column":26},"end":{"line":19,"column":27}},"loc":{"start":{"line":20,"column":4},"end":{"line":27,"column":5}},"line":20},"4":{"name":"(anonymous_4)","decl":{"start":{"line":20,"column":4},"end":{"line":20,"column":5}},"loc":{"start":{"line":20,"column":18},"end":{"line":27,"column":5}},"line":20},"5":{"name":"(anonymous_5)","decl":{"start":{"line":22,"column":47},"end":{"line":22,"column":48}},"loc":{"start":{"line":22,"column":59},"end":{"line":24,"column":9}},"line":22},"6":{"name":"(anonymous_6)","decl":{"start":{"line":24,"column":17},"end":{"line":24,"column":18}},"loc":{"start":{"line":24,"column":23},"end":{"line":26,"column":9}},"line":24}},"branchMap":{},"s":{"0":1,"1":2,"2":1,"3":1,"4":1,"5":1,"6":1,"7":1,"8":1,"9":1,"10":0,"11":0},"f":{"0":2,"1":1,"2":1,"3":1,"4":1,"5":0,"6":0},"b":{},"_coverageSchema":"1a1c01bbd47fc00a2c39e90264f33305004495a9","hash":"5d7c8997625d2e308293a9014852f2f8bd4f1484"}
,"C:\\Users\\HONGYU\\workspace\\indexation.springboot\\src\\main\\js\\components\\indexation\\input\\index.js": {"path":"C:\\Users\\HONGYU\\workspace\\indexation.springboot\\src\\main\\js\\components\\indexation\\input\\index.js","statementMap":{"0":{"start":{"line":11,"column":2},"end":{"line":43,"column":3}},"1":{"start":{"line":38,"column":45},"end":{"line":38,"column":115}},"2":{"start":{"line":48,"column":4},"end":{"line":57,"column":2}},"3":{"start":{"line":61,"column":4},"end":{"line":74,"column":2}},"4":{"start":{"line":63,"column":18},"end":{"line":63,"column":45}},"5":{"start":{"line":64,"column":3},"end":{"line":64,"column":19}},"6":{"start":{"line":67,"column":18},"end":{"line":67,"column":46}},"7":{"start":{"line":68,"column":3},"end":{"line":68,"column":19}},"8":{"start":{"line":71,"column":18},"end":{"line":71,"column":48}},"9":{"start":{"line":72,"column":3},"end":{"line":72,"column":19}}},"fnMap":{"0":{"name":"(anonymous_0)","decl":{"start":{"line":9,"column":1},"end":{"line":9,"column":2}},"loc":{"start":{"line":9,"column":10},"end":{"line":44,"column":2}},"line":9},"1":{"name":"(anonymous_1)","decl":{"start":{"line":38,"column":39},"end":{"line":38,"column":40}},"loc":{"start":{"line":38,"column":45},"end":{"line":38,"column":115}},"line":38},"2":{"name":"mapStateToProps","decl":{"start":{"line":47,"column":9},"end":{"line":47,"column":24}},"loc":{"start":{"line":47,"column":32},"end":{"line":58,"column":1}},"line":47},"3":{"name":"mapDispatchToProps","decl":{"start":{"line":60,"column":9},"end":{"line":60,"column":27}},"loc":{"start":{"line":60,"column":38},"end":{"line":75,"column":1}},"line":60},"4":{"name":"(anonymous_4)","decl":{"start":{"line":62,"column":2},"end":{"line":62,"column":3}},"loc":{"start":{"line":62,"column":20},"end":{"line":65,"column":3}},"line":62},"5":{"name":"(anonymous_5)","decl":{"start":{"line":66,"column":2},"end":{"line":66,"column":3}},"loc":{"start":{"line":66,"column":21},"end":{"line":69,"column":3}},"line":66},"6":{"name":"(anonymous_6)","decl":{"start":{"line":70,"column":2},"end":{"line":70,"column":3}},"loc":{"start":{"line":70,"column":30},"end":{"line":73,"column":3}},"line":70}},"branchMap":{},"s":{"0":9,"1":1,"2":13,"3":4,"4":1,"5":1,"6":1,"7":1,"8":1,"9":1},"f":{"0":9,"1":1,"2":13,"3":4,"4":1,"5":1,"6":1},"b":{},"_coverageSchema":"1a1c01bbd47fc00a2c39e90264f33305004495a9","hash":"fdc4b715639f6763d2bd96fb9742c8e2d77f0263"}
,"C:\\Users\\HONGYU\\workspace\\indexation.springboot\\src\\main\\js\\components\\indexation\\result\\index.js": {"path":"C:\\Users\\HONGYU\\workspace\\indexation.springboot\\src\\main\\js\\components\\indexation\\result\\index.js","statementMap":{"0":{"start":{"line":10,"column":2},"end":{"line":14,"column":3}},"1":{"start":{"line":20,"column":4},"end":{"line":24,"column":2}}},"fnMap":{"0":{"name":"(anonymous_0)","decl":{"start":{"line":8,"column":1},"end":{"line":8,"column":2}},"loc":{"start":{"line":8,"column":10},"end":{"line":15,"column":2}},"line":8},"1":{"name":"mapStateToProps","decl":{"start":{"line":19,"column":9},"end":{"line":19,"column":24}},"loc":{"start":{"line":19,"column":32},"end":{"line":25,"column":1}},"line":19}},"branchMap":{},"s":{"0":1,"1":1},"f":{"0":1,"1":1},"b":{},"_coverageSchema":"1a1c01bbd47fc00a2c39e90264f33305004495a9","hash":"6c87bf356b7f544fa976dabd53ea9b6ea6d6d0bf"}
,"C:\\Users\\HONGYU\\workspace\\indexation.springboot\\src\\main\\js\\constants\\actionTypes.js": {"path":"C:\\Users\\HONGYU\\workspace\\indexation.springboot\\src\\main\\js\\constants\\actionTypes.js","statementMap":{"0":{"start":{"line":1,"column":33},"end":{"line":1,"column":52}},"1":{"start":{"line":2,"column":36},"end":{"line":2,"column":58}},"2":{"start":{"line":3,"column":37},"end":{"line":3,"column":60}},"3":{"start":{"line":7,"column":29},"end":{"line":7,"column":44}},"4":{"start":{"line":8,"column":30},"end":{"line":8,"column":46}},"5":{"start":{"line":9,"column":50},"end":{"line":9,"column":86}},"6":{"start":{"line":10,"column":47},"end":{"line":10,"column":80}},"7":{"start":{"line":11,"column":54},"end":{"line":11,"column":94}},"8":{"start":{"line":12,"column":51},"end":{"line":12,"column":88}}},"fnMap":{},"branchMap":{},"s":{"0":5,"1":5,"2":5,"3":5,"4":5,"5":5,"6":5,"7":5,"8":5},"f":{},"b":{},"_coverageSchema":"1a1c01bbd47fc00a2c39e90264f33305004495a9","hash":"26d04da2068d5651862b95d35efdd77a07957e76"}
,"C:\\Users\\HONGYU\\workspace\\indexation.springboot\\src\\main\\js\\constants\\url.js": {"path":"C:\\Users\\HONGYU\\workspace\\indexation.springboot\\src\\main\\js\\constants\\url.js","statementMap":{"0":{"start":{"line":1,"column":31},"end":{"line":1,"column":45}},"1":{"start":{"line":3,"column":38},"end":{"line":3,"column":58}},"2":{"start":{"line":4,"column":31},"end":{"line":4,"column":45}},"3":{"start":{"line":5,"column":34},"end":{"line":5,"column":48}}},"fnMap":{},"branchMap":{},"s":{"0":5,"1":5,"2":5,"3":5},"f":{},"b":{},"_coverageSchema":"1a1c01bbd47fc00a2c39e90264f33305004495a9","hash":"0655c9eca5ce0b1cf8fc617555eae25c3882989b"}
,"C:\\Users\\HONGYU\\workspace\\indexation.springboot\\src\\main\\js\\reducers\\appReducer.js": {"path":"C:\\Users\\HONGYU\\workspace\\indexation.springboot\\src\\main\\js\\reducers\\appReducer.js","statementMap":{"0":{"start":{"line":5,"column":21},"end":{"line":12,"column":1}},"1":{"start":{"line":14,"column":19},"end":{"line":85,"column":1}},"2":{"start":{"line":16,"column":4},"end":{"line":18,"column":2}},"3":{"start":{"line":17,"column":8},"end":{"line":17,"column":27}},"4":{"start":{"line":24,"column":18},"end":{"line":24,"column":41}},"5":{"start":{"line":27,"column":4},"end":{"line":79,"column":2}},"6":{"start":{"line":30,"column":12},"end":{"line":30,"column":43}},"7":{"start":{"line":31,"column":12},"end":{"line":31,"column":18}},"8":{"start":{"line":35,"column":12},"end":{"line":35,"column":44}},"9":{"start":{"line":36,"column":12},"end":{"line":36,"column":46}},"10":{"start":{"line":37,"column":12},"end":{"line":37,"column":18}},"11":{"start":{"line":41,"column":12},"end":{"line":41,"column":44}},"12":{"start":{"line":42,"column":12},"end":{"line":42,"column":36}},"13":{"start":{"line":43,"column":12},"end":{"line":43,"column":18}},"14":{"start":{"line":47,"column":12},"end":{"line":47,"column":45}},"15":{"start":{"line":48,"column":12},"end":{"line":48,"column":18}},"16":{"start":{"line":52,"column":12},"end":{"line":52,"column":46}},"17":{"start":{"line":53,"column":12},"end":{"line":53,"column":18}},"18":{"start":{"line":57,"column":12},"end":{"line":57,"column":51}},"19":{"start":{"line":58,"column":12},"end":{"line":58,"column":18}},"20":{"start":{"line":62,"column":12},"end":{"line":62,"column":52}},"21":{"start":{"line":63,"column":12},"end":{"line":63,"column":62}},"22":{"start":{"line":64,"column":12},"end":{"line":64,"column":18}},"23":{"start":{"line":68,"column":12},"end":{"line":68,"column":52}},"24":{"start":{"line":69,"column":12},"end":{"line":69,"column":56}},"25":{"start":{"line":70,"column":12},"end":{"line":70,"column":18}},"26":{"start":{"line":74,"column":12},"end":{"line":74,"column":52}},"27":{"start":{"line":75,"column":12},"end":{"line":75,"column":56}},"28":{"start":{"line":76,"column":12},"end":{"line":76,"column":18}},"29":{"start":{"line":84,"column":4},"end":{"line":84,"column":20}}},"fnMap":{"0":{"name":"(anonymous_0)","decl":{"start":{"line":14,"column":19},"end":{"line":14,"column":20}},"loc":{"start":{"line":14,"column":38},"end":{"line":85,"column":1}},"line":14}},"branchMap":{"0":{"loc":{"start":{"line":16,"column":4},"end":{"line":18,"column":2}},"type":"if","locations":[{"start":{"line":16,"column":4},"end":{"line":18,"column":2}},{"start":{"line":16,"column":4},"end":{"line":18,"column":2}}],"line":16},"1":{"loc":{"start":{"line":27,"column":4},"end":{"line":79,"column":2}},"type":"switch","locations":[{"start":{"line":29,"column":8},"end":{"line":32,"column":9}},{"start":{"line":34,"column":8},"end":{"line":38,"column":9}},{"start":{"line":40,"column":8},"end":{"line":44,"column":3}},{"start":{"line":46,"column":2},"end":{"line":49,"column":3}},{"start":{"line":51,"column":2},"end":{"line":54,"column":3}},{"start":{"line":56,"column":2},"end":{"line":59,"column":9}},{"start":{"line":61,"column":8},"end":{"line":65,"column":3}},{"start":{"line":67,"column":2},"end":{"line":71,"column":3}},{"start":{"line":73,"column":8},"end":{"line":77,"column":3}}],"line":27}},"s":{"0":5,"1":5,"2":20,"3":6,"4":14,"5":14,"6":2,"7":2,"8":1,"9":1,"10":1,"11":1,"12":1,"13":1,"14":2,"15":2,"16":2,"17":2,"18":2,"19":2,"20":1,"21":1,"22":1,"23":2,"24":2,"25":2,"26":1,"27":1,"28":1,"29":14},"f":{"0":20},"b":{"0":[6,14],"1":[2,1,1,2,2,2,1,2,1]},"_coverageSchema":"1a1c01bbd47fc00a2c39e90264f33305004495a9","hash":"40234c5463ebd1b3fae1367e1ce56a4278beb672"}
,"C:\\Users\\HONGYU\\workspace\\indexation.springboot\\src\\main\\js\\reducers\\index.js": {"path":"C:\\Users\\HONGYU\\workspace\\indexation.springboot\\src\\main\\js\\reducers\\index.js","statementMap":{"0":{"start":{"line":4,"column":20},"end":{"line":6,"column":2}}},"fnMap":{},"branchMap":{},"s":{"0":5},"f":{},"b":{},"_coverageSchema":"1a1c01bbd47fc00a2c39e90264f33305004495a9","hash":"98860e7156d6b4259aab62b7c5262378a2390251"}
,"C:\\Users\\HONGYU\\workspace\\indexation.springboot\\src\\main\\js\\store\\index.js": {"path":"C:\\Users\\HONGYU\\workspace\\indexation.springboot\\src\\main\\js\\store\\index.js","statementMap":{"0":{"start":{"line":11,"column":0},"end":{"line":15,"column":1}},"1":{"start":{"line":12,"column":4},"end":{"line":12,"column":86}},"2":{"start":{"line":14,"column":4},"end":{"line":14,"column":48}},"3":{"start":{"line":17,"column":14},"end":{"line":17,"column":50}}},"fnMap":{},"branchMap":{"0":{"loc":{"start":{"line":11,"column":0},"end":{"line":15,"column":1}},"type":"if","locations":[{"start":{"line":11,"column":0},"end":{"line":15,"column":1}},{"start":{"line":11,"column":0},"end":{"line":15,"column":1}}],"line":11}},"s":{"0":3,"1":0,"2":3,"3":3},"f":{},"b":{"0":[0,3]},"_coverageSchema":"1a1c01bbd47fc00a2c39e90264f33305004495a9","hash":"8488b86272487c8afd80be233445596a7882e902"}
}
