TN:
SF:src\main\js\actions\apiActions.js
FN:6,(anonymous_0)
FN:11,(anonymous_1)
FN:19,(anonymous_2)
FN:23,(anonymous_3)
FN:28,(anonymous_4)
FN:33,(anonymous_5)
FN:38,(anonymous_6)
FN:39,(anonymous_7)
FN:44,(anonymous_8)
FN:46,(anonymous_9)
FNF:10
FNH:8
FNDA:2,(anonymous_0)
FNDA:1,(anonymous_1)
FNDA:2,(anonymous_2)
FNDA:1,(anonymous_3)
FNDA:1,(anonymous_4)
FNDA:1,(anonymous_5)
FNDA:1,(anonymous_6)
FNDA:1,(anonymous_7)
FNDA:0,(anonymous_8)
FNDA:0,(anonymous_9)
DA:6,2
DA:11,2
DA:19,2
DA:23,2
DA:28,2
DA:33,2
DA:38,2
DA:39,1
DA:40,1
DA:41,0
DA:43,1
DA:44,1
DA:45,0
DA:47,0
LF:14
LH:11
BRDA:40,0,0,0
BRDA:40,0,1,1
BRF:2
BRH:1
end_of_record
TN:
SF:src\main\js\actions\appActions.js
FN:6,(anonymous_0)
FN:10,(anonymous_1)
FN:15,(anonymous_2)
FN:19,(anonymous_3)
FN:20,(anonymous_4)
FN:22,(anonymous_5)
FN:24,(anonymous_6)
FNF:7
FNH:5
FNDA:2,(anonymous_0)
FNDA:1,(anonymous_1)
FNDA:1,(anonymous_2)
FNDA:1,(anonymous_3)
FNDA:1,(anonymous_4)
FNDA:0,(anonymous_5)
FNDA:0,(anonymous_6)
DA:6,2
DA:10,1
DA:15,1
DA:19,1
DA:20,1
DA:21,1
DA:22,1
DA:23,0
DA:25,0
LF:9
LH:7
BRF:0
BRH:0
end_of_record
TN:
SF:src\main\js\components\indexation\input\index.js
FN:9,(anonymous_0)
FN:38,(anonymous_1)
FN:47,mapStateToProps
FN:60,mapDispatchToProps
FN:62,(anonymous_4)
FN:66,(anonymous_5)
FN:70,(anonymous_6)
FNF:7
FNH:3
FNDA:1,(anonymous_0)
FNDA:0,(anonymous_1)
FNDA:1,mapStateToProps
FNDA:1,mapDispatchToProps
FNDA:0,(anonymous_4)
FNDA:0,(anonymous_5)
FNDA:0,(anonymous_6)
DA:11,1
DA:38,0
DA:48,1
DA:61,1
DA:63,0
DA:64,0
DA:67,0
DA:68,0
DA:71,0
DA:72,0
LF:10
LH:3
BRF:0
BRH:0
end_of_record
TN:
SF:src\main\js\components\indexation\result\index.js
FN:8,(anonymous_0)
FN:19,mapStateToProps
FNF:2
FNH:2
FNDA:1,(anonymous_0)
FNDA:1,mapStateToProps
DA:10,1
DA:20,1
LF:2
LH:2
BRF:0
BRH:0
end_of_record
TN:
SF:src\main\js\constants\actionTypes.js
FNF:0
FNH:0
DA:1,5
DA:2,5
DA:3,5
DA:7,5
DA:8,5
DA:9,5
DA:10,5
DA:11,5
DA:12,5
LF:9
LH:9
BRF:0
BRH:0
end_of_record
TN:
SF:src\main\js\constants\url.js
FNF:0
FNH:0
DA:1,5
DA:3,5
DA:4,5
DA:5,5
LF:4
LH:4
BRF:0
BRH:0
end_of_record
TN:
SF:src\main\js\reducers\appReducer.js
FN:14,(anonymous_0)
FNF:1
FNH:1
FNDA:17,(anonymous_0)
DA:5,5
DA:14,5
DA:16,17
DA:17,6
DA:24,11
DA:27,11
DA:30,2
DA:31,2
DA:35,1
DA:36,1
DA:37,1
DA:41,1
DA:42,1
DA:43,1
DA:47,1
DA:48,1
DA:52,1
DA:53,1
DA:57,2
DA:58,2
DA:62,1
DA:63,1
DA:64,1
DA:68,1
DA:69,1
DA:70,1
DA:74,1
DA:75,1
DA:76,1
DA:84,11
LF:30
LH:30
BRDA:16,0,0,6
BRDA:16,0,1,11
BRDA:27,1,0,2
BRDA:27,1,1,1
BRDA:27,1,2,1
BRDA:27,1,3,1
BRDA:27,1,4,1
BRDA:27,1,5,2
BRDA:27,1,6,1
BRDA:27,1,7,1
BRDA:27,1,8,1
BRF:11
BRH:11
end_of_record
TN:
SF:src\main\js\reducers\index.js
FNF:0
FNH:0
DA:4,5
LF:1
LH:1
BRF:0
BRH:0
end_of_record
TN:
SF:src\main\js\store\index.js
FNF:0
FNH:0
DA:11,3
DA:12,0
DA:14,3
DA:17,3
LF:4
LH:3
BRDA:11,0,0,0
BRDA:11,0,1,3
BRF:2
BRH:1
end_of_record
